<?xml version="1.0" encoding="UTF-8"?>
<!-- Generated by org.testng.reporters.JUnitReportReporter -->
<testsuite skipped="0" hostname="BDC11-L-7200C19" name="com.assignment.selenium.test.TC_TripAdvisorReview" tests="1" failures="0" timestamp="09 Feb 2020 12:11:08 GMT" time="120.446" errors="0">
  <testcase name="reviewTripAdvisor" time="120.446" classname="com.assignment.selenium.test.TC_TripAdvisorReview"/>
</testsuite> <!-- com.assignment.selenium.test.TC_TripAdvisorReview -->
