<?xml version="1.0" encoding="UTF-8"?>
<!-- Generated by org.testng.reporters.JUnitReportReporter -->
<testsuite skipped="0" hostname="BDC11-L-7200C19" name="com.assignment.selenium.test.TC_PhonePriceComparision" tests="1" failures="0" timestamp="09 Feb 2020 12:23:06 GMT" time="144.662" errors="0">
  <testcase name="comparePrice" time="144.662" classname="com.assignment.selenium.test.TC_PhonePriceComparision"/>
</testsuite> <!-- com.assignment.selenium.test.TC_PhonePriceComparision -->
